[INFO ] 2021-02-18 14:06:55.256 [AFPA.CDA06.demo.App.main()] DAOClient - maxIDClient renvoyé : 3 -méthode maxIDClient -ligne 258
[INFO ] 2021-02-18 15:38:13.753 [AWT-EventQueue-0] ConnexionManager - Connected to database -méthode getConnection -ligne 31
[INFO ] 2021-02-18 15:38:13.786 [AWT-EventQueue-0] ConnexionManager - Connected to database -méthode getConnection -ligne 31
[INFO ] 2021-02-18 15:38:14.020 [AWT-EventQueue-0] ConnexionManager - Connected to database -méthode getConnection -ligne 31
[INFO ] 2021-02-18 15:38:14.025 [AWT-EventQueue-0] ConnexionManager - Connected to database -méthode getConnection -ligne 31
[INFO ] 2021-02-18 15:38:19.217 [Thread-1] ConnexionManager - Database fermée -méthode run -ligne 49
[INFO ] 2021-02-19 00:27:37.409 [AWT-EventQueue-0] ConnexionManager - Connected to database -méthode getConnection -ligne 31
[INFO ] 2021-02-19 00:27:37.450 [AWT-EventQueue-0] ConnexionManager - Connected to database -méthode getConnection -ligne 31
[INFO ] 2021-02-19 00:27:37.458 [AWT-EventQueue-0] DAOClient - Finall from daocontract done properly -méthode findAll -ligne 77
[INFO ] 2021-02-19 00:27:40.050 [AWT-EventQueue-0] ConnexionManager - Connected to database -méthode getConnection -ligne 31
[INFO ] 2021-02-19 00:27:40.053 [AWT-EventQueue-0] DAOClient - maxIDClient renvoyé : 3 -méthode maxIDClient -ligne 289
[INFO ] 2021-02-19 00:28:37.732 [AWT-EventQueue-0] ConnexionManager - Connected to database -méthode getConnection -ligne 31
[INFO ] 2021-02-19 00:28:37.848 [AWT-EventQueue-0] DAOClient - Création du client réussit ! -méthode create -ligne 137
[INFO ] 2021-02-19 00:28:44.632 [AWT-EventQueue-0] ConnexionManager - Connected to database -méthode getConnection -ligne 31
[INFO ] 2021-02-19 00:28:45.425 [AWT-EventQueue-0] ConnexionManager - Connected to database -méthode getConnection -ligne 31
[INFO ] 2021-02-19 00:28:45.426 [AWT-EventQueue-0] DAOProspect - MaxID_Prospect renvoyé : 1 -méthode maxIDProspect -ligne 319
[INFO ] 2021-02-19 00:29:49.422 [AWT-EventQueue-0] ConnexionManager - Connected to database -méthode getConnection -ligne 31
[INFO ] 2021-02-19 00:29:49.460 [AWT-EventQueue-0] DAOProspect - Création prospect réussit ! -méthode create -ligne 137
[INFO ] 2021-02-19 00:29:49.507 [AWT-EventQueue-0] CreateModifyDeleteFrame - Creation of a new prospect succesfull : Mon ID est 0 mon nom de société est Prospect 2  mon siège social est au 88 chienStreet à Nancy 94000
mon num de tel est: 08080808080808 et mon mail: chienland.chein@chein.com
mes commentaires: 
j'ai été appelé le 19/02/2021
et j'ai été intéréssé : No
 -méthode confirmCreationOfANewProspect -ligne 653
[INFO ] 2021-02-19 00:29:53.487 [AWT-EventQueue-0] ConnexionManager - Connected to database -méthode getConnection -ligne 31
[INFO ] 2021-02-19 00:29:53.994 [AWT-EventQueue-0] ConnexionManager - Connected to database -méthode getConnection -ligne 31
[INFO ] 2021-02-19 00:29:53.997 [AWT-EventQueue-0] DisplayFrame - Correct Display of prospect table -méthode ProspectDisplayTable -ligne 162
[INFO ] 2021-02-19 00:30:01.143 [AWT-EventQueue-0] ConnexionManager - Connected to database -méthode getConnection -ligne 31
[INFO ] 2021-02-19 00:30:02.080 [AWT-EventQueue-0] ConnexionManager - Connected to database -méthode getConnection -ligne 31
[INFO ] 2021-02-19 00:30:02.081 [AWT-EventQueue-0] DAOProspect - MaxID_Prospect renvoyé : 2 -méthode maxIDProspect -ligne 319
[INFO ] 2021-02-19 00:32:02.147 [AWT-EventQueue-0] ConnexionManager - Connected to database -méthode getConnection -ligne 31
[INFO ] 2021-02-19 00:32:02.180 [AWT-EventQueue-0] DAOProspect - Création prospect réussit ! -méthode create -ligne 137
[INFO ] 2021-02-19 00:32:02.181 [AWT-EventQueue-0] CreateModifyDeleteFrame - Creation of a new prospect succesfull : Mon ID est 0 mon nom de société est Tia entertainement mon siège social est au 25 Rue de la Ravinelle à Pagny 54380
mon num de tel est: 0358414575415 et mon mail: titi.ninnin54@free.fr
mes commentaires: pas de commentaire.
j'ai été appelé le 03/06/2018
et j'ai été intéréssé : Yes
 -méthode confirmCreationOfANewProspect -ligne 653
[INFO ] 2021-02-19 00:34:14.943 [AWT-EventQueue-0] ConnexionManager - Connected to database -méthode getConnection -ligne 31
[INFO ] 2021-02-19 00:34:14.974 [AWT-EventQueue-0] ConnexionManager - Connected to database -méthode getConnection -ligne 31
[INFO ] 2021-02-19 00:34:14.976 [AWT-EventQueue-0] DAOClient - Finall from daocontract done properly -méthode findAll -ligne 77
[INFO ] 2021-02-19 00:34:19.053 [AWT-EventQueue-0] ConnexionManager - Connected to database -méthode getConnection -ligne 31
[INFO ] 2021-02-19 00:34:19.057 [AWT-EventQueue-0] DAOClient - FindIDByClient from daocontract done properly -méthode findByIDClient -ligne 48
[INFO ] 2021-02-19 00:34:19.057 [AWT-EventQueue-0] ContractListFrame - ContractDisplayTable worked properly. -méthode ContractDisplayTable -ligne 86
[INFO ] 2021-02-19 00:34:25.232 [AWT-EventQueue-0] ConnexionManager - Connected to database -méthode getConnection -ligne 31
[INFO ] 2021-02-19 00:34:25.237 [AWT-EventQueue-0] ConnexionManager - Connected to database -méthode getConnection -ligne 31
[INFO ] 2021-02-19 00:34:25.239 [AWT-EventQueue-0] DAOClient - Finall from daocontract done properly -méthode findAll -ligne 77
[INFO ] 2021-02-19 00:35:16.214 [AWT-EventQueue-0] ConnexionManager - Connected to database -méthode getConnection -ligne 31
[INFO ] 2021-02-19 00:35:16.246 [AWT-EventQueue-0] DAOClient - Update client réussit ! -méthode save -ligne 186
[INFO ] 2021-02-19 00:35:18.541 [AWT-EventQueue-0] ConnexionManager - Connected to database -méthode getConnection -ligne 31
[INFO ] 2021-02-19 00:35:18.546 [AWT-EventQueue-0] ConnexionManager - Connected to database -méthode getConnection -ligne 31
[INFO ] 2021-02-19 00:35:18.548 [AWT-EventQueue-0] DAOClient - Finall from daocontract done properly -méthode findAll -ligne 77
[INFO ] 2021-02-19 00:35:21.950 [AWT-EventQueue-0] ConnexionManager - Connected to database -méthode getConnection -ligne 31
[INFO ] 2021-02-19 00:35:21.952 [AWT-EventQueue-0] DisplayFrame - Correct Display of client table -méthode ClientDisplayTable -ligne 129
[INFO ] 2021-02-19 00:35:24.074 [AWT-EventQueue-0] ConnexionManager - Connected to database -méthode getConnection -ligne 31
[INFO ] 2021-02-19 00:35:24.081 [AWT-EventQueue-0] ConnexionManager - Connected to database -méthode getConnection -ligne 31
[INFO ] 2021-02-19 00:35:24.082 [AWT-EventQueue-0] DAOClient - Finall from daocontract done properly -méthode findAll -ligne 77
[INFO ] 2021-02-19 00:35:26.240 [AWT-EventQueue-0] ConnexionManager - Connected to database -méthode getConnection -ligne 31
[INFO ] 2021-02-19 00:35:26.243 [AWT-EventQueue-0] DAOClient - FindIDByClient from daocontract done properly -méthode findByIDClient -ligne 48
[INFO ] 2021-02-19 00:35:26.243 [AWT-EventQueue-0] ContractListFrame - ContractDisplayTable worked properly. -méthode ContractDisplayTable -ligne 86
[INFO ] 2021-02-19 00:35:31.313 [Thread-1] ConnexionManager - Database fermée -méthode run -ligne 49
